<?xml version="1.0" encoding="UTF-8"?>
<testng-results skipped="0" failed="0" total="2" passed="2">
  <reporter-output>
  </reporter-output>
  <suite name="Command line suite" duration-ms="37593" started-at="2015-12-25T02:17:42Z" finished-at="2015-12-25T02:18:19Z">
    <groups>
    </groups>
    <test name="Command line test" duration-ms="37593" started-at="2015-12-25T02:17:42Z" finished-at="2015-12-25T02:18:19Z">
      <class name="com.test.GoogleTest">
        <test-method status="PASS" signature="testGoogle()[pri:0, instance:com.test.GoogleTest@2d554825]" name="testGoogle" duration-ms="18553" started-at="2015-12-24T18:17:42Z" finished-at="2015-12-24T18:18:00Z">
          <reporter-output>
          </reporter-output>
        </test-method> <!-- testGoogle -->
      </class> <!-- com.test.GoogleTest -->
      <class name="com.test.YahooTest">
        <test-method status="PASS" signature="testYahoo()[pri:0, instance:com.test.YahooTest@3567135c]" name="testYahoo" duration-ms="18971" started-at="2015-12-24T18:18:00Z" finished-at="2015-12-24T18:18:19Z">
          <reporter-output>
          </reporter-output>
        </test-method> <!-- testYahoo -->
      </class> <!-- com.test.YahooTest -->
    </test> <!-- Command line test -->
  </suite> <!-- Command line suite -->
</testng-results>
